<?xml version="1.0" encoding="UTF-8"?>
<!-- Generated by org.testng.reporters.JUnitXMLReporter -->
<testsuite hostname="DESKTOP-6DIBS4R" ignored="0" name="Test" tests="12" failures="1" timestamp="13 Jul 2019 18:38:13 GMT" time="1105.589" errors="0">
  <testcase name="createacc_details" time="3.579" classname="com.walmarttestApp.testcases.CreateAccountTest"/>
  <testcase name="clickonJoinNowlnktest" time="31.656" classname="com.walmarttestApp.testcases.SignInTest"/>
  <testcase name="clickonSignInbtntest" time="17.828" classname="com.walmarttestApp.testcases.SignInTest"/>
  <testcase name="logintest" time="7.119" classname="com.walmarttestApp.testcases.LoginTest"/>
  <testcase name="searchfunctionalitytest" time="68.652" classname="com.walmarttestApp.testcases.HomePageTest"/>
  <testcase name="searchfunctionalitytest" time="93.108" classname="com.walmarttestApp.testcases.HomePageTest"/>
  <testcase name="searchfunctionalitytest" time="91.09" classname="com.walmarttestApp.testcases.HomePageTest"/>
  <testcase name="selectcapribybrand" time="68.883" classname="com.walmarttestApp.testcases.pantsandcapritest"/>
  <testcase name="selectcapribybrand" time="64.14" classname="com.walmarttestApp.testcases.pantsandcapritest">
    <failure type="org.openqa.selenium.TimeoutException" message="Expected condition failed: waiting for element to be clickable: Proxy element for: DefaultElementLocator &amp;apos;By.xpath: //div[@id = &amp;apos;poblano-template&amp;apos;]/div[2]/descendant::span[contains(text(),&amp;apos;Women&amp;apos;)]&amp;apos; (tried for 15 second(s) with 500 milliseconds interval)">
      <![CDATA[org.openqa.selenium.TimeoutException: Expected condition failed: waiting for element to be clickable: Proxy element for: DefaultElementLocator 'By.xpath: //div[@id = 'poblano-template']/div[2]/descendant::span[contains(text(),'Women')]' (tried for 15 second(s) with 500 milliseconds interval)
	at org.openqa.selenium.support.ui.WebDriverWait.timeoutException(WebDriverWait.java:113)
	at org.openqa.selenium.support.ui.FluentWait.until(FluentWait.java:283)
	at com.walmarttestApp.Base.TestBase.clickOn(TestBase.java:86)
	at com.walmarttestApp.clothing.ClothingshoeandAccessoriesPage.clickonWomenlnk(ClothingshoeandAccessoriesPage.java:57)
	at com.walmarttestApp.testcases.pantsandcapritest.selectcapribybrand(pantsandcapritest.java:58)
Caused by: org.openqa.selenium.NoSuchElementException: no such element: Unable to locate element: {"method":"xpath","selector":"//div[@id = 'poblano-template']/div[2]/descendant::span[contains(text(),'Women')]"}
  (Session info: chrome=75.0.3770.100)
  (Driver info: chromedriver=2.43.600210 (68dcf5eebde37173d4027fa8635e332711d2874a),platform=Windows NT 10.0.17134 x86_64) (WARNING: The server did not provide any stacktrace information)
Command duration or timeout: 0 milliseconds
For documentation on this error, please visit: http://seleniumhq.org/exceptions/no_such_element.html
Build info: version: '3.14.0', revision: 'aacccce0', time: '2018-08-02T20:19:58.91Z'
System info: host: 'DESKTOP-6DIBS4R', ip: '192.168.0.11', os.name: 'Windows 10', os.arch: 'amd64', os.version: '10.0', java.version: '1.8.0_71'
Driver info: org.openqa.selenium.chrome.ChromeDriver
Capabilities {acceptInsecureCerts: false, acceptSslCerts: false, applicationCacheEnabled: false, browserConnectionEnabled: false, browserName: chrome, chrome: {chromedriverVersion: 2.43.600210 (68dcf5eebde371..., userDataDir: C:\Users\Owner\AppData\Loca...}, cssSelectorsEnabled: true, databaseEnabled: false, goog:chromeOptions: {debuggerAddress: localhost:58591}, handlesAlerts: true, hasTouchScreen: false, javascriptEnabled: true, locationContextEnabled: true, mobileEmulationEnabled: false, nativeEvents: true, networkConnectionEnabled: false, pageLoadStrategy: normal, platform: XP, platformName: XP, rotatable: false, setWindowRect: true, takesHeapSnapshot: true, takesScreenshot: true, unexpectedAlertBehaviour: , unhandledPromptBehavior: , version: 75.0.3770.100, webStorageEnabled: true}
Session ID: 750c9a2a0e938b0fb92723e45a97e683
*** Element info: {Using=xpath, value=//div[@id = 'poblano-template']/div[2]/descendant::span[contains(text(),'Women')]}
	at org.openqa.selenium.remote.ErrorHandler.createThrowable(ErrorHandler.java:214)
	at org.openqa.selenium.remote.ErrorHandler.throwIfResponseFailed(ErrorHandler.java:166)
	at org.openqa.selenium.remote.http.JsonHttpResponseCodec.reconstructValue(JsonHttpResponseCodec.java:40)
	at org.openqa.selenium.remote.http.AbstractHttpResponseCodec.decode(AbstractHttpResponseCodec.java:80)
	at org.openqa.selenium.remote.http.AbstractHttpResponseCodec.decode(AbstractHttpResponseCodec.java:44)
	at org.openqa.selenium.remote.HttpCommandExecutor.execute(HttpCommandExecutor.java:158)
	at org.openqa.selenium.remote.service.DriverCommandExecutor.execute(DriverCommandExecutor.java:83)
	at org.openqa.selenium.remote.RemoteWebDriver.execute(RemoteWebDriver.java:548)
	at org.openqa.selenium.remote.RemoteWebDriver.findElement(RemoteWebDriver.java:322)
	at org.openqa.selenium.remote.RemoteWebDriver.findElementByXPath(RemoteWebDriver.java:424)
	at org.openqa.selenium.By$ByXPath.findElement(By.java:353)
	at org.openqa.selenium.remote.RemoteWebDriver.findElement(RemoteWebDriver.java:314)
	at org.openqa.selenium.support.events.EventFiringWebDriver.lambda$new$1(EventFiringWebDriver.java:105)
	at com.sun.proxy.$Proxy8.findElement(Unknown Source)
	at org.openqa.selenium.support.events.EventFiringWebDriver.findElement(EventFiringWebDriver.java:194)
	at org.openqa.selenium.support.pagefactory.DefaultElementLocator.findElement(DefaultElementLocator.java:69)
	at org.openqa.selenium.support.pagefactory.internal.LocatingElementHandler.invoke(LocatingElementHandler.java:38)
	at com.sun.proxy.$Proxy12.isDisplayed(Unknown Source)
	at org.openqa.selenium.support.ui.ExpectedConditions.elementIfVisible(ExpectedConditions.java:315)
	at org.openqa.selenium.support.ui.ExpectedConditions.access$100(ExpectedConditions.java:44)
	at org.openqa.selenium.support.ui.ExpectedConditions$10.apply(ExpectedConditions.java:301)
	at org.openqa.selenium.support.ui.ExpectedConditions$10.apply(ExpectedConditions.java:298)
	at org.openqa.selenium.support.ui.ExpectedConditions$23.apply(ExpectedConditions.java:686)
	at org.openqa.selenium.support.ui.ExpectedConditions$23.apply(ExpectedConditions.java:682)
	at org.openqa.selenium.support.ui.FluentWait.until(FluentWait.java:260)
	... 28 more
... Removed 32 stack frames]]>
    </failure>
  </testcase> <!-- selectcapribybrand -->
  <testcase name="selectorderdatetest" time="7.89" classname="com.walmarttestApp.testcases.MyOrderTest"/>
  <testcase name="trackordertest" time="7.695" classname="com.walmarttestApp.testcases.MyOrderTest"/>
  <testcase name="ratingtest" time="23.655" classname="com.walmarttestApp.testcases.ipadandTabPageTest"/>
</testsuite> <!-- Test -->
