<?xml version="1.0" encoding="UTF-8"?>
<!-- Generated by org.testng.reporters.JUnitReportReporter -->
<testsuite skipped="10" hostname="DESKTOP-6DIBS4R" name="com.walmarttestApp.testcases.TestClass" tests="11" failures="0" timestamp="05 Jul 2019 04:36:02 GMT" time="0.068" errors="1">
  <testcase name="testRandomPopup" time="0.000" classname="com.walmarttestApp.testcases.TestClass">
    <skipped/>
  </testcase> <!-- testRandomPopup -->
  <testcase name="testRandomPopup" time="0.001" classname="com.walmarttestApp.testcases.TestClass">
    <skipped/>
  </testcase> <!-- testRandomPopup -->
  <testcase name="testRandomPopup" time="0.000" classname="com.walmarttestApp.testcases.TestClass">
    <skipped/>
  </testcase> <!-- testRandomPopup -->
  <testcase name="setUp" time="0.067" classname="com.walmarttestApp.testcases.TestClass">
    <error type="java.lang.IllegalStateException" message="The path to the driver executable must be set by the webdriver.chrome.driver system property; for more information, see https://github.com/SeleniumHQ/selenium/wiki/ChromeDriver. The latest version can be downloaded from http://chromedriver.storage.googleapis.com/index.html">
      <![CDATA[java.lang.IllegalStateException: The path to the driver executable must be set by the webdriver.chrome.driver system property; for more information, see https://github.com/SeleniumHQ/selenium/wiki/ChromeDriver. The latest version can be downloaded from http://chromedriver.storage.googleapis.com/index.html
	at com.google.common.base.Preconditions.checkState(Preconditions.java:847)
	at org.openqa.selenium.remote.service.DriverService.findExecutable(DriverService.java:125)
	at org.openqa.selenium.chrome.ChromeDriverService.access$000(ChromeDriverService.java:35)
	at org.openqa.selenium.chrome.ChromeDriverService$Builder.findDefaultExecutable(ChromeDriverService.java:156)
	at org.openqa.selenium.remote.service.DriverService$Builder.build(DriverService.java:346)
	at org.openqa.selenium.chrome.ChromeDriverService.createDefaultService(ChromeDriverService.java:91)
	at org.openqa.selenium.chrome.ChromeDriver.<init>(ChromeDriver.java:123)
	at com.walmarttestApp.testcases.TestClass.setUp(TestClass.java:21)
	at sun.reflect.NativeMethodAccessorImpl.invoke0(Native Method)
	at sun.reflect.NativeMethodAccessorImpl.invoke(Unknown Source)
	at sun.reflect.DelegatingMethodAccessorImpl.invoke(Unknown Source)
	at java.lang.reflect.Method.invoke(Unknown Source)
	at org.testng.internal.MethodInvocationHelper.invokeMethod(MethodInvocationHelper.java:108)
	at org.testng.internal.Invoker.invokeConfigurationMethod(Invoker.java:523)
	at org.testng.internal.Invoker.invokeConfigurations(Invoker.java:224)
	at org.testng.internal.Invoker.invokeMethod(Invoker.java:599)
	at org.testng.internal.Invoker.invokeTestMethod(Invoker.java:869)
	at org.testng.internal.Invoker.invokeTestMethods(Invoker.java:1193)
	at org.testng.internal.TestMethodWorker.invokeTestMethods(TestMethodWorker.java:126)
	at org.testng.internal.TestMethodWorker.run(TestMethodWorker.java:109)
	at org.testng.TestRunner.privateRun(TestRunner.java:744)
	at org.testng.TestRunner.run(TestRunner.java:602)
	at org.testng.SuiteRunner.runTest(SuiteRunner.java:380)
	at org.testng.SuiteRunner.runSequentially(SuiteRunner.java:375)
	at org.testng.SuiteRunner.privateRun(SuiteRunner.java:340)
	at org.testng.SuiteRunner.run(SuiteRunner.java:289)
	at org.testng.SuiteRunnerWorker.runSuite(SuiteRunnerWorker.java:52)
	at org.testng.SuiteRunnerWorker.run(SuiteRunnerWorker.java:86)
	at org.testng.TestNG.runSuitesSequentially(TestNG.java:1301)
	at org.testng.TestNG.runSuitesLocally(TestNG.java:1226)
	at org.testng.TestNG.runSuites(TestNG.java:1144)
	at org.testng.TestNG.run(TestNG.java:1115)
	at org.testng.remote.AbstractRemoteTestNG.run(AbstractRemoteTestNG.java:114)
	at org.testng.remote.RemoteTestNG.initAndRun(RemoteTestNG.java:251)
	at org.testng.remote.RemoteTestNG.main(RemoteTestNG.java:77)
]]>
    </error>
  </testcase> <!-- setUp -->
  <testcase name="testRandomPopup" time="0.000" classname="com.walmarttestApp.testcases.TestClass">
    <skipped/>
  </testcase> <!-- testRandomPopup -->
  <testcase name="testRandomPopup" time="0.000" classname="com.walmarttestApp.testcases.TestClass">
    <skipped/>
  </testcase> <!-- testRandomPopup -->
  <testcase name="testRandomPopup" time="0.000" classname="com.walmarttestApp.testcases.TestClass">
    <skipped/>
  </testcase> <!-- testRandomPopup -->
  <testcase name="testRandomPopup" time="0.000" classname="com.walmarttestApp.testcases.TestClass">
    <skipped/>
  </testcase> <!-- testRandomPopup -->
  <testcase name="testRandomPopup" time="0.000" classname="com.walmarttestApp.testcases.TestClass">
    <skipped/>
  </testcase> <!-- testRandomPopup -->
  <testcase name="testRandomPopup" time="0.000" classname="com.walmarttestApp.testcases.TestClass">
    <skipped/>
  </testcase> <!-- testRandomPopup -->
  <testcase name="testRandomPopup" time="0.000" classname="com.walmarttestApp.testcases.TestClass">
    <skipped/>
  </testcase> <!-- testRandomPopup -->
</testsuite> <!-- com.walmarttestApp.testcases.TestClass -->
