<?xml version="1.0" encoding="UTF-8"?>
<testng-results skipped="0" failed="1" ignored="2" total="3" passed="0">
  <reporter-output>
  </reporter-output>
  <suite name="Default suite" duration-ms="22826" started-at="2019-09-04T23:50:47Z" finished-at="2019-09-04T23:51:10Z">
    <groups>
    </groups>
    <test name="Default test" duration-ms="22826" started-at="2019-09-04T23:50:47Z" finished-at="2019-09-04T23:51:10Z">
      <class name="com.walmarttestApp.testcases.LoginTest">
        <test-method status="PASS" signature="init()[pri:0, instance:com.walmarttestApp.testcases.LoginTest@77caeb3e]" name="init" is-config="true" duration-ms="20070" started-at="2019-09-04T16:50:47Z" finished-at="2019-09-04T16:51:07Z">
          <reporter-output>
          </reporter-output>
        </test-method> <!-- init -->
        <test-method status="FAIL" signature="loginvalidatetestforinvalidpaswrd()[pri:0, instance:com.walmarttestApp.testcases.LoginTest@77caeb3e]" name="loginvalidatetestforinvalidpaswrd" duration-ms="1120" started-at="2019-09-04T16:51:07Z" finished-at="2019-09-04T16:51:08Z">
          <exception class="java.lang.AssertionError">
            <message>
              <![CDATA[expected [Password is a required field] but found [Password is not a required field]]]>
            </message>
            <full-stacktrace>
              <![CDATA[java.lang.AssertionError: expected [Password is a required field] but found [Password is not a required field]
	at org.testng.Assert.fail(Assert.java:93)
	at org.testng.Assert.failNotEquals(Assert.java:512)
	at org.testng.Assert.assertEqualsImpl(Assert.java:134)
	at org.testng.Assert.assertEquals(Assert.java:115)
	at org.testng.Assert.assertEquals(Assert.java:189)
	at org.testng.Assert.assertEquals(Assert.java:199)
	at com.walmarttestApp.testcases.LoginTest.loginvalidatetestforinvalidpaswrd(LoginTest.java:94)
	at sun.reflect.NativeMethodAccessorImpl.invoke0(Native Method)
	at sun.reflect.NativeMethodAccessorImpl.invoke(Unknown Source)
	at sun.reflect.DelegatingMethodAccessorImpl.invoke(Unknown Source)
	at java.lang.reflect.Method.invoke(Unknown Source)
	at org.testng.internal.MethodInvocationHelper.invokeMethod(MethodInvocationHelper.java:108)
	at org.testng.internal.Invoker.invokeMethod(Invoker.java:661)
	at org.testng.internal.Invoker.invokeTestMethod(Invoker.java:869)
	at org.testng.internal.Invoker.invokeTestMethods(Invoker.java:1193)
	at org.testng.internal.TestMethodWorker.invokeTestMethods(TestMethodWorker.java:126)
	at org.testng.internal.TestMethodWorker.run(TestMethodWorker.java:109)
	at org.testng.TestRunner.privateRun(TestRunner.java:744)
	at org.testng.TestRunner.run(TestRunner.java:602)
	at org.testng.SuiteRunner.runTest(SuiteRunner.java:380)
	at org.testng.SuiteRunner.runSequentially(SuiteRunner.java:375)
	at org.testng.SuiteRunner.privateRun(SuiteRunner.java:340)
	at org.testng.SuiteRunner.run(SuiteRunner.java:289)
	at org.testng.SuiteRunnerWorker.runSuite(SuiteRunnerWorker.java:52)
	at org.testng.SuiteRunnerWorker.run(SuiteRunnerWorker.java:86)
	at org.testng.TestNG.runSuitesSequentially(TestNG.java:1301)
	at org.testng.TestNG.runSuitesLocally(TestNG.java:1226)
	at org.testng.TestNG.runSuites(TestNG.java:1144)
	at org.testng.TestNG.run(TestNG.java:1115)
	at org.testng.remote.AbstractRemoteTestNG.run(AbstractRemoteTestNG.java:115)
	at org.testng.remote.RemoteTestNG.initAndRun(RemoteTestNG.java:251)
	at org.testng.remote.RemoteTestNG.main(RemoteTestNG.java:77)
]]>
            </full-stacktrace>
          </exception> <!-- java.lang.AssertionError -->
          <reporter-output>
          </reporter-output>
        </test-method> <!-- loginvalidatetestforinvalidpaswrd -->
        <test-method status="PASS" signature="close()[pri:0, instance:com.walmarttestApp.testcases.LoginTest@77caeb3e]" name="close" is-config="true" duration-ms="861" started-at="2019-09-04T16:51:09Z" finished-at="2019-09-04T16:51:10Z">
          <reporter-output>
          </reporter-output>
        </test-method> <!-- close -->
      </class> <!-- com.walmarttestApp.testcases.LoginTest -->
    </test> <!-- Default test -->
  </suite> <!-- Default suite -->
</testng-results>
